<?xml version="1.0" encoding="UTF-8"?>
<!-- Generated by org.testng.reporters.JUnitReportReporter -->
<testsuite hostname="Yugesh" failures="0" tests="1" name="Cars.Ferrari" time="13.436" errors="0" timestamp="2024-10-23T08:46:03 IST" skipped="0">
  <testcase classname="Cars.Ferrari" name="launched" time="13.436"/>
  <system-out>
    <![CDATA[Ferrari launched successfully]]>
  </system-out>
</testsuite> <!-- Cars.Ferrari -->
