<?xml version="1.0" encoding="UTF-8"?>
<!-- Generated by org.testng.reporters.JUnitReportReporter -->
<testsuite hostname="Yugesh" failures="0" tests="4" name="DataProvider.ToLearnDataProvide" time="53.184" errors="0" timestamp="2024-10-26T09:40:43 IST" skipped="0">
  <testcase classname="DataProvider.ToLearnDataProvide" name="login" time="11.084"/>
  <system-out/>
  <testcase classname="DataProvider.ToLearnDataProvide" name="login" time="12.499"/>
  <system-out/>
  <testcase classname="DataProvider.ToLearnDataProvide" name="login" time="17.069"/>
  <system-out/>
  <testcase classname="DataProvider.ToLearnDataProvide" name="login" time="12.532"/>
  <system-out/>
</testsuite> <!-- DataProvider.ToLearnDataProvide -->
