<?xml version="1.0" encoding="UTF-8"?>
<!-- Generated by org.testng.reporters.JUnitReportReporter -->
<testsuite hostname="Yugesh" failures="0" tests="1" name="Cars.RangeRover" time="21.639" errors="0" timestamp="2024-10-23T09:01:30 IST" skipped="0">
  <testcase classname="Cars.RangeRover" name="launched" time="21.639"/>
  <system-out>
    <![CDATA[range-rover launched successfully]]>
  </system-out>
</testsuite> <!-- Cars.RangeRover -->
