<?xml version="1.0" encoding="UTF-8"?>
<!-- Generated by org.testng.reporters.JUnitReportReporter -->
<testsuite hostname="Yugesh" failures="0" tests="1" name="Bikes.KTM" time="39.714" errors="0" timestamp="2024-10-23T22:12:39 IST" skipped="0">
  <testcase classname="Bikes.KTM" name="launched" time="39.714"/>
  <system-out>
    <![CDATA[ktm-bikes launched successfully]]>
  </system-out>
</testsuite> <!-- Bikes.KTM -->
