<?xml version="1.0" encoding="UTF-8"?>
<!-- Generated by org.testng.reporters.JUnitReportReporter -->
<testsuite hostname="Yugesh" failures="0" tests="1" name="Cars.Lamborghini" time="21.826" errors="0" timestamp="2024-10-22T09:47:17 IST" skipped="0">
  <testcase classname="Cars.Lamborghini" name="launched" time="21.826"/>
  <system-out>
    <![CDATA[lamborghini launched successfully]]>
  </system-out>
</testsuite> <!-- Cars.Lamborghini -->
