<?xml version="1.0" encoding="UTF-8"?>
<!-- Generated by org.testng.reporters.JUnitReportReporter -->
<testsuite hostname="Yugesh" failures="0" tests="1" name="Cars.MiniCooper" time="18.513" errors="0" timestamp="2024-10-23T09:06:12 IST" skipped="0">
  <testcase classname="Cars.MiniCooper" name="launched" time="18.513"/>
  <system-out>
    <![CDATA[mini-cooper launched successfully]]>
  </system-out>
</testsuite> <!-- Cars.MiniCooper -->
