<?xml version="1.0" encoding="UTF-8"?>
<!-- Generated by org.testng.reporters.JUnitReportReporter -->
<testsuite hostname="Yugesh" failures="0" tests="5" name="TestNG.Sample1" time="109.486" errors="0" timestamp="2024-10-19T09:38:28 IST" skipped="0">
  <testcase classname="TestNG.Sample1" name="register" time="12.062"/>
  <system-out>
    <![CDATA[Register is successfull]]>
  </system-out>
  <testcase classname="TestNG.Sample1" name="login" time="24.121"/>
  <system-out>
    <![CDATA[Login is successfull]]>
  </system-out>
  <testcase classname="TestNG.Sample1" name="login" time="26.206"/>
  <system-out>
    <![CDATA[Login is successfull]]>
  </system-out>
  <testcase classname="TestNG.Sample1" name="login" time="25.023"/>
  <system-out>
    <![CDATA[Login is successfull]]>
  </system-out>
  <testcase classname="TestNG.Sample1" name="login" time="22.074"/>
  <system-out>
    <![CDATA[Login is successfull]]>
  </system-out>
</testsuite> <!-- TestNG.Sample1 -->
