<?xml version="1.0" encoding="UTF-8"?>
<!-- Generated by org.testng.reporters.JUnitReportReporter -->
<testsuite hostname="Yugesh" failures="0" tests="1" name="Bikes.Kawasaki" time="37.101" errors="0" timestamp="2024-10-23T22:12:39 IST" skipped="0">
  <testcase classname="Bikes.Kawasaki" name="launched" time="37.101"/>
  <system-out>
    <![CDATA[kawasaki-bikes launched successfully]]>
  </system-out>
</testsuite> <!-- Bikes.Kawasaki -->
