<?xml version="1.0" encoding="UTF-8"?>
<!-- Generated by org.testng.reporters.JUnitReportReporter -->
<testsuite hostname="Yugesh" failures="0" tests="1" name="POM.Assigment2" time="17.532" errors="0" timestamp="2024-10-18T22:02:51 IST" skipped="0">
  <testcase classname="POM.Assigment2" name="sillary" time="17.532"/>
  <system-out>
    <![CDATA[Welcome to Sillarypage]]>
  </system-out>
</testsuite> <!-- POM.Assigment2 -->
