<?xml version="1.0" encoding="UTF-8"?>
<!-- Generated by org.testng.reporters.JUnitReportReporter -->
<testsuite hostname="Yugesh" failures="0" tests="1" name="CrossBowserTesting.ToLearnCrossBrowserTesting" time="10.781" errors="0" timestamp="2024-10-28T09:26:57 IST" skipped="0">
  <testcase classname="CrossBowserTesting.ToLearnCrossBrowserTesting" name="launch" time="10.781"/>
  <system-out/>
</testsuite> <!-- CrossBowserTesting.ToLearnCrossBrowserTesting -->
