<?xml version="1.0" encoding="UTF-8"?>
<!-- Generated by org.testng.reporters.JUnitReportReporter -->
<testsuite hostname="Yugesh" failures="0" tests="1" name="Bikes.Ducati" time="36.321" errors="0" timestamp="2024-10-22T11:11:30 IST" skipped="0">
  <testcase classname="Bikes.Ducati" name="launched" time="36.321"/>
  <system-out>
    <![CDATA[ducati-bikes launched successfully]]>
  </system-out>
</testsuite> <!-- Bikes.Ducati -->
