<?xml version="1.0" encoding="UTF-8"?>
<!-- Generated by org.testng.reporters.JUnitReportReporter -->
<testsuite hostname="Yugesh" failures="0" tests="1" name="Configuration.Assigment1" time="4.591" errors="0" timestamp="2024-10-24T20:33:58 IST" skipped="0">
  <testcase classname="Configuration.Assigment1" name="clickOnSales" time="4.591"/>
  <system-out>
    <![CDATA[Sales Page is Displayed]]>
  </system-out>
</testsuite> <!-- Configuration.Assigment1 -->
