<?xml version="1.0" encoding="UTF-8"?>
<!-- Generated by org.testng.reporters.JUnitReportReporter -->
<testsuite hostname="Yugesh" failures="0" tests="1" name="TestNG.ToLearnTestNG" time="0.028" errors="0" timestamp="2024-10-18T09:48:32 IST" skipped="0">
  <testcase classname="TestNG.ToLearnTestNG" name="demo" time="0.028"/>
  <system-out>
    <![CDATA[Welcome to advance selenium]]>
  </system-out>
</testsuite> <!-- TestNG.ToLearnTestNG -->
