<?xml version="1.0" encoding="UTF-8"?>
<!-- Generated by org.testng.reporters.JUnitReportReporter -->
<testsuite hostname="Yugesh" failures="0" tests="1" name="Bikes.Yamaha" time="39.099" errors="0" timestamp="2024-10-22T11:11:30 IST" skipped="0">
  <testcase classname="Bikes.Yamaha" name="launched" time="39.099"/>
  <system-out>
    <![CDATA[yamaha-bikes launched successfully]]>
  </system-out>
</testsuite> <!-- Bikes.Yamaha -->
