<?xml version="1.0" encoding="UTF-8"?>
<!-- Generated by org.testng.reporters.JUnitReportReporter -->
<testsuite hostname="Yugesh" failures="0" tests="2" name="TestNG.ConfigurationAnnotations" time="0.029" errors="0" timestamp="2024-10-24T09:01:16 IST" skipped="0">
  <testcase classname="TestNG.ConfigurationAnnotations" name="demo" time="0.019"/>
  <system-out>
    <![CDATA[@Test(Demo)executed]]>
  </system-out>
  <testcase classname="TestNG.ConfigurationAnnotations" name="sample" time="0.010"/>
  <system-out>
    <![CDATA[@Test(Sample)]]>
  </system-out>
</testsuite> <!-- TestNG.ConfigurationAnnotations -->
