<?xml version="1.0" encoding="UTF-8"?>
<!-- Generated by org.testng.reporters.JUnitReportReporter -->
<testsuite hostname="Yugesh" failures="0" tests="3" name="TestNG.DependsonMethods" time="36.913" errors="0" timestamp="2024-10-19T10:02:08 IST" skipped="0">
  <testcase classname="TestNG.DependsonMethods" name="addToCart" time="12.915"/>
  <system-out>
    <![CDATA[Addtocart is successfull]]>
  </system-out>
  <testcase classname="TestNG.DependsonMethods" name="login" time="12.710"/>
  <system-out>
    <![CDATA[Login is successfull]]>
  </system-out>
  <testcase classname="TestNG.DependsonMethods" name="register" time="11.288"/>
  <system-out>
    <![CDATA[Register is successfull]]>
  </system-out>
</testsuite> <!-- TestNG.DependsonMethods -->
