<?xml version="1.0" encoding="UTF-8"?>
<!-- Generated by org.testng.reporters.JUnitReportReporter -->
<testsuite hostname="Yugesh" failures="0" tests="3" name="Configuration.TestScript" time="16.716" errors="0" timestamp="2024-10-28T09:45:23 IST" skipped="0">
  <testcase classname="Configuration.TestScript" name="clickOnBooks" time="5.063"/>
  <system-out>
    <![CDATA[Books Page is Displayed]]>
  </system-out>
  <testcase classname="Configuration.TestScript" name="clickOnBooks" time="5.821"/>
  <system-out>
    <![CDATA[Books Page is Displayed]]>
  </system-out>
  <testcase classname="Configuration.TestScript" name="clickOnBooks" time="5.832"/>
  <system-out>
    <![CDATA[Books Page is Displayed]]>
  </system-out>
</testsuite> <!-- Configuration.TestScript -->
